<?xml version="1.0" encoding="UTF-8"?>
<robot generator="Robot 7.0 (Python 3.11.4 on win32)" generated="2024-06-07T16:24:04.627897" rpa="false" schemaversion="5">
<suite id="s1" name="TC GET" source="E:\ROBOT\restful-booker\TC_GET.robot">
<test id="s1-t1" name="Get Books" line="15">
<kw name="Create Session" owner="RequestsLibrary">
<msg time="2024-06-07T16:24:04.803791" level="INFO">Creating Session using : alias=Get_Books, url=https://restful-booker.herokuapp.com, headers={},                     cookies={}, auth=None, timeout=None, proxies=None, verify=False,                     debug=0 </msg>
<arg>Get_Books</arg>
<arg>${base_url}</arg>
<doc>Create Session: create a HTTP session to a server</doc>
<status status="PASS" start="2024-06-07T16:24:04.803791" elapsed="0.000000"/>
</kw>
<kw name="Get Request" owner="RequestsLibrary">
<msg time="2024-06-07T16:24:04.805018" level="WARN">Keyword 'RequestsLibrary.Get Request' is deprecated. Please use `GET On Session` instead.</msg>
<msg time="2024-06-07T16:24:05.706803" level="INFO">GET Request : url=https://restful-booker.herokuapp.com/booking 
 path_url=/booking 
 headers={'User-Agent': 'python-requests/2.31.0', 'Accept-Encoding': 'gzip, deflate, br', 'Accept': '*/*', 'Connection': 'keep-alive'} 
 body=None 
 </msg>
<msg time="2024-06-07T16:24:05.706803" level="INFO">GET Response : url=https://restful-booker.herokuapp.com/booking 
 status=200, reason=OK 
 headers={'Server': 'Cowboy', 'Report-To': '{"group":"heroku-nel","max_age":3600,"endpoints":[{"url":"https://nel.heroku.com/reports?ts=1717770245&amp;sid=c46efe9b-d3d2-4a0c-8c76-bfafa16c5add&amp;s=38DcJNVT9Rij%2BA6iJIsmbakiGwgyoraStB6vKwkO1NM%3D"}]}', 'Reporting-Endpoints': 'heroku-nel=https://nel.heroku.com/reports?ts=1717770245&amp;sid=c46efe9b-d3d2-4a0c-8c76-bfafa16c5add&amp;s=38DcJNVT9Rij%2BA6iJIsmbakiGwgyoraStB6vKwkO1NM%3D', 'Nel': '{"report_to":"heroku-nel","max_age":3600,"success_fraction":0.005,"failure_fraction":0.05,"response_headers":["Via"]}', 'Connection': 'keep-alive', 'X-Powered-By': 'Express', 'Content-Type': 'application/json; charset=utf-8', 'Content-Length': '16129', 'Etag': 'W/"3f01-K55VY2EOfQd3j58qG3bgSyM+NwA"', 'Date': 'Fri, 07 Jun 2024 14:24:05 GMT', 'Via': '1.1 vegur'} 
 body=[{"bookingid":122},{"bookingid":10},{"bookingid":906},{"bookingid":340},{"bookingid":1183},{"bookingid":85},{"bookingid":147},{"bookingid":545},{"bookingid":105},{"bookingid":996},{"bookingid":436},{"bookingid":1232},{"bookingid":514},{"bookingid":145},{"bookingid":429},{"bookingid":35},{"bookingid":296},{"bookingid":750},{"bookingid":704},{"bookingid":1175},{"bookingid":142},{"bookingid":654},{"bookingid":1018},{"bookingid":977},{"bookingid":267},{"bookingid":320},{"bookingid":1078},{"bookingid":210},{"bookingid":333},{"bookingid":1154},{"bookingid":873},{"bookingid":1219},{"bookingid":1196},{"bookingid":196},{"bookingid":393},{"bookingid":371},{"bookingid":249},{"bookingid":19},{"bookingid":730},{"bookingid":59},{"bookingid":1260},{"bookingid":520},{"bookingid":236},{"bookingid":772},{"bookingid":608},{"bookingid":1156},{"bookingid":650},{"bookingid":480},{"bookingid":943},{"bookingid":1224},{"bookingid":1002},{"bookingid":1271},{"bookingid":1068},{"bookingid":859},{"bookingid":903},{"bookingid":502},{"bookingid":154},{"bookingid":813},{"bookingid":609},{"bookingid":53},{"bookingid":1006},{"bookingid":1054},{"bookingid":107},{"bookingid":223},{"bookingid":777},{"bookingid":762},{"bookingid":1052},{"bookingid":627},{"bookingid":103},{"bookingid":88},{"bookingid":620},{"bookingid":469},{"bookingid":180},{"bookingid":729},{"bookingid":52},{"bookingid":344},{"bookingid":224},{"bookingid":1160},{"bookingid":795},{"bookingid":167},{"bookingid":635},{"bookingid":1024},{"bookingid":452},{"bookingid":76},{"bookingid":356},{"bookingid":1042},{"bookingid":703},{"bookingid":913},{"bookingid":630},{"bookingid":949},{"bookingid":885},{"bookingid":425},{"bookingid":1008},{"bookingid":108},{"bookingid":351},{"bookingid":809},{"bookingid":901},{"bookingid":327},{"bookingid":826},{"bookingid":132},{"bookingid":908},{"bookingid":294},{"bookingid":270},{"bookingid":311},{"bookingid":36},{"bookingid":994},{"bookingid":1040},{"bookingid":359},{"bookingid":808},{"bookingid":446},{"bookingid":971},{"bookingid":31},{"bookingid":440},{"bookingid":803},{"bookingid":11},{"bookingid":283},{"bookingid":979},{"bookingid":1100},{"bookingid":1161},{"bookingid":524},{"bookingid":293},{"bookingid":1181},{"bookingid":503},{"bookingid":1044},{"bookingid":79},{"bookingid":1146},{"bookingid":986},{"bookingid":710},{"bookingid":923},{"bookingid":646},{"bookingid":1140},{"bookingid":7},{"bookingid":722},{"bookingid":544},{"bookingid":504},{"bookingid":376},{"bookingid":2},{"bookingid":129},{"bookingid":205},{"bookingid":165},{"bookingid":1252},{"bookingid":1258},{"bookingid":1015},{"bookingid":370},{"bookingid":1205},{"bookingid":424},{"bookingid":536},{"bookingid":394},{"bookingid":32},{"bookingid":1007},{"bookingid":701},{"bookingid":844},{"bookingid":535},{"bookingid":523},{"bookingid":793},{"bookingid":824},{"bookingid":467},{"bookingid":661},{"bookingid":188},{"bookingid":284},{"bookingid":413},{"bookingid":522},{"bookingid":164},{"bookingid":969},{"bookingid":1115},{"bookingid":481},{"bookingid":637},{"bookingid":390},{"bookingid":978},{"bookingid":68},{"bookingid":1167},{"bookingid":1103},{"bookingid":1074},{"bookingid":598},{"bookingid":235},{"bookingid":619},{"bookingid":942},{"bookingid":1128},{"bookingid":916},{"bookingid":591},{"bookingid":507},{"bookingid":724},{"bookingid":40},{"bookingid":513},{"bookingid":489},{"bookingid":924},{"bookingid":838},{"bookingid":1269},{"bookingid":155},{"bookingid":946},{"bookingid":789},{"bookingid":741},{"bookingid":769},{"bookingid":1149},{"bookingid":953},{"bookingid":314},{"bookingid":1062},{"bookingid":829},{"bookingid":148},{"bookingid":876},{"bookingid":1234},{"bookingid":865},{"bookingid":950},{"bookingid":455},{"bookingid":195},{"bookingid":970},{"bookingid":1019},{"bookingid":363},{"bookingid":139},{"bookingid":603},{"bookingid":915},{"bookingid":268},{"bookingid":16},{"bookingid":93},{"bookingid":842},{"bookingid":1050},{"bookingid":299},{"bookingid":802},{"bookingid":229},{"bookingid":1136},{"bookingid":1094},{"bookingid":850},{"bookingid":546},{"bookingid":346},{"bookingid":318},{"bookingid":748},{"bookingid":126},{"bookingid":760},{"bookingid":218},{"bookingid":1264},{"bookingid":554},{"bookingid":817},{"bookingid":409},{"bookingid":857},{"bookingid":280},{"bookingid":639},{"bookingid":497},{"bookingid":464},{"bookingid":696},{"bookingid":239},{"bookingid":212},{"bookingid":1134},{"bookingid":1139},{"bookingid":1085},{"bookingid":1255},{"bookingid":158},{"bookingid":674},{"bookingid":438},{"bookingid":659},{"bookingid":576},{"bookingid":833},{"bookingid":1082},{"bookingid":401},{"bookingid":209},{"bookingid":1210},{"bookingid":415},{"bookingid":306},{"bookingid":667},{"bookingid":234},{"bookingid":1025},{"bookingid":935},{"bookingid":6},{"bookingid":1056},{"bookingid":281},{"bookingid":137},{"bookingid":973},{"bookingid":745},{"bookingid":15},{"bookingid":1033},{"bookingid":125},{"bookingid":131},{"bookingid":459},{"bookingid":74},{"bookingid":1061},{"bookingid":248},{"bookingid":976},{"bookingid":1130},{"bookingid":965},{"bookingid":1129},{"bookingid":354},{"bookingid":588},{"bookingid":629},{"bookingid":399},{"bookingid":143},{"bookingid":993},{"bookingid":1084},{"bookingid":483},{"bookingid":728},{"bookingid":13},{"bookingid":303},{"bookingid":177},{"bookingid":847},{"bookingid":430},{"bookingid":34},{"bookingid":736},{"bookingid":301},{"bookingid":678},{"bookingid":1246},{"bookingid":8},{"bookingid":864},{"bookingid":510},{"bookingid":1250},{"bookingid":878},{"bookingid":387},{"bookingid":937},{"bookingid":538},{"bookingid":938},{"bookingid":948},{"bookingid":21},{"bookingid":353},{"bookingid":458},{"bookingid":658},{"bookingid":966},{"bookingid":1111},{"bookingid":1076},{"bookingid":482},{"bookingid":890},{"bookingid":694},{"bookingid":62},{"bookingid":254},{"bookingid":717},{"bookingid":334},{"bookingid":491},{"bookingid":201},{"bookingid":118},{"bookingid":1155},{"bookingid":58},{"bookingid":443},{"bookingid":618},{"bookingid":368},{"bookingid":561},{"bookingid":792},{"bookingid":1178},{"bookingid":1170},{"bookingid":1086},{"bookingid":222},{"bookingid":895},{"bookingid":1045},{"bookingid":33},{"bookingid":1097},{"bookingid":529},{"bookingid":1188},{"bookingid":930},{"bookingid":1072},{"bookingid":197},{"bookingid":651},{"bookingid":807},{"bookingid":203},{"bookingid":705},{"bookingid":92},{"bookingid":644},{"bookingid":1048},{"bookingid":882},{"bookingid":733},{"bookingid":456},{"bookingid":542},{"bookingid":255},{"bookingid":332},{"bookingid":60},{"bookingid":626},{"bookingid":67},{"bookingid":1209},{"bookingid":204},{"bookingid":600},{"bookingid":190},{"bookingid":1038},{"bookingid":1230},{"bookingid":1254},{"bookingid":578},{"bookingid":749},{"bookingid":673},{"bookingid":558},{"bookingid":214},{"bookingid":800},{"bookingid":827},{"bookingid":228},{"bookingid":785},{"bookingid":816},{"bookingid":272},{"bookingid":288},{"bookingid":987},{"bookingid":881},{"bookingid":141},{"bookingid":856},{"bookingid":65},{"bookingid":841},{"bookingid":250},{"bookingid":400},{"bookingid":1104},{"bookingid":186},{"bookingid":751},{"bookingid":1147},{"bookingid":256},{"bookingid":822},{"bookingid":30},{"bookingid":1248},{"bookingid":12},{"bookingid":1105},{"bookingid":883},{"bookingid":692},{"bookingid":1216},{"bookingid":867},{"bookingid":1201},{"bookingid":162},{"bookingid":412},{"bookingid":960},{"bookingid":907},{"bookingid":1109},{"bookingid":732},{"bookingid":501},{"bookingid":171},{"bookingid":983},{"bookingid":1034},{"bookingid":423},{"bookingid":1003},{"bookingid":995},{"bookingid":5},{"bookingid":73},{"bookingid":763},{"bookingid":1079},{"bookingid":569},{"bookingid":441},{"bookingid":900},{"bookingid":381},{"bookingid":1119},{"bookingid":690},{"bookingid":39},{"bookingid":266},{"bookingid":1106},{"bookingid":295},{"bookingid":863},{"bookingid":1239},{"bookingid":718},{"bookingid":875},{"bookingid":1221},{"bookingid":836},{"bookingid":888},{"bookingid":577},{"bookingid":496},{"bookingid":1200},{"bookingid":168},{"bookingid":262},{"bookingid":798},{"bookingid":1171},{"bookingid":1182},{"bookingid":1142},{"bookingid":557},{"bookingid":563},{"bookingid":794},{"bookingid":427},{"bookingid":898},{"bookingid":99},{"bookingid":14},{"bookingid":770},{"bookingid":1245},{"bookingid":711},{"bookingid":1206},{"bookingid":582},{"bookingid":1020},{"bookingid":677},{"bookingid":128},{"bookingid":55},{"bookingid":697},{"bookingid":734},{"bookingid":287},{"bookingid":509},{"bookingid":631},{"bookingid":1251},{"bookingid":321},{"bookingid":698},{"bookingid":1059},{"bookingid":656},{"bookingid":1176},{"bookingid":3},{"bookingid":1217},{"bookingid":1053},{"bookingid":956},{"bookingid":897},{"bookingid":712},{"bookingid":840},{"bookingid":69},{"bookingid":43},{"bookingid":565},{"bookingid":466},{"bookingid":41},{"bookingid":531},{"bookingid":432},{"bookingid":515},{"bookingid":84},{"bookingid":115},{"bookingid":1169},{"bookingid":706},{"bookingid":757},{"bookingid":874},{"bookingid":313},{"bookingid":206},{"bookingid":754},{"bookingid":534},{"bookingid":213},{"bookingid":97},{"bookingid":613},{"bookingid":1057},{"bookingid":550},{"bookingid":1235},{"bookingid":407},{"bookingid":44},{"bookingid":848},{"bookingid":652},{"bookingid":72},{"bookingid":1157},{"bookingid":555},{"bookingid":616},{"bookingid":1190},{"bookingid":475},{"bookingid":702},{"bookingid":96},{"bookingid":586},{"bookingid":786},{"bookingid":671},{"bookingid":373},{"bookingid":519},{"bookingid":26},{"bookingid":551},{"bookingid":1163},{"bookingid":421},{"bookingid":632},{"bookingid":560},{"bookingid":1036},{"bookingid":1099},{"bookingid":174},{"bookingid":404},{"bookingid":146},{"bookingid":739},{"bookingid":1138},{"bookingid":566},{"bookingid":25},{"bookingid":18},{"bookingid":347},{"bookingid":383},{"bookingid":963},{"bookingid":396},{"bookingid":24},{"bookingid":625},{"bookingid":276},{"bookingid":991},{"bookingid":257},{"bookingid":737},{"bookingid":594},{"bookingid":275},{"bookingid":862},{"bookingid":1208},{"bookingid":1225},{"bookingi... (set the log level to DEBUG or TRACE to see the full content) 
 </msg>
<msg time="2024-06-07T16:24:05.706803" level="INFO">C:\Users\Bassem\AppData\Local\Programs\Python\Python311\Lib\site-packages\urllib3\connectionpool.py:1095: InsecureRequestWarning: Unverified HTTPS request is being made to host 'restful-booker.herokuapp.com'. Adding certificate verification is strongly advised. See: https://urllib3.readthedocs.io/en/latest/advanced-usage.html#tls-warnings
  warnings.warn(</msg>
<msg time="2024-06-07T16:24:05.707923" level="INFO">${response} = &lt;Response [200]&gt;</msg>
<var>${response}</var>
<arg>Get_Books</arg>
<arg>/booking</arg>
<doc>*DEPRECATED* Please use `GET On Session` instead.</doc>
<status status="PASS" start="2024-06-07T16:24:04.805018" elapsed="0.902905"/>
</kw>
<kw name="Log To Console" owner="BuiltIn">
<arg>${response.status_code}</arg>
<doc>Logs the given message to the console.</doc>
<status status="PASS" start="2024-06-07T16:24:05.709009" elapsed="0.001136"/>
</kw>
<kw name="Log To Console" owner="BuiltIn">
<arg>${response.content}</arg>
<doc>Logs the given message to the console.</doc>
<status status="PASS" start="2024-06-07T16:24:05.710145" elapsed="0.014996"/>
</kw>
<status status="PASS" start="2024-06-07T16:24:04.802790" elapsed="0.923349"/>
</test>
<status status="PASS" start="2024-06-07T16:24:04.630896" elapsed="1.096241"/>
</suite>
<statistics>
<total>
<stat pass="1" fail="0" skip="0">All Tests</stat>
</total>
<tag>
</tag>
<suite>
<stat pass="1" fail="0" skip="0" id="s1" name="TC GET">TC GET</stat>
</suite>
</statistics>
<errors>
<msg time="2024-06-07T16:24:04.805018" level="WARN">Keyword 'RequestsLibrary.Get Request' is deprecated. Please use `GET On Session` instead.</msg>
</errors>
</robot>
