<?xml version="1.0" encoding="UTF-8"?>
<robot generator="Robot 7.0 (Python 3.11.4 on win32)" generated="2024-06-07T16:25:13.508408" rpa="false" schemaversion="5">
<suite id="s1" name="TC GET" source="E:\ROBOT\restful-booker\TC_GET.robot">
<test id="s1-t1" name="Get Books" line="15">
<kw name="Create Session" owner="RequestsLibrary">
<msg time="2024-06-07T16:25:13.675305" level="INFO">Creating Session using : alias=Get_Books, url=https://restful-booker.herokuapp.com, headers={},                     cookies={}, auth=None, timeout=None, proxies=None, verify=False,                     debug=0 </msg>
<arg>Get_Books</arg>
<arg>${base_url}</arg>
<doc>Create Session: create a HTTP session to a server</doc>
<status status="PASS" start="2024-06-07T16:25:13.674306" elapsed="0.000999"/>
</kw>
<kw name="Get Request" owner="RequestsLibrary">
<msg time="2024-06-07T16:25:13.675305" level="WARN">Keyword 'RequestsLibrary.Get Request' is deprecated. Please use `GET On Session` instead.</msg>
<msg time="2024-06-07T16:25:14.563998" level="INFO">GET Request : url=https://restful-booker.herokuapp.com/booking 
 path_url=/booking 
 headers={'User-Agent': 'python-requests/2.31.0', 'Accept-Encoding': 'gzip, deflate, br', 'Accept': '*/*', 'Connection': 'keep-alive'} 
 body=None 
 </msg>
<msg time="2024-06-07T16:25:14.563998" level="INFO">GET Response : url=https://restful-booker.herokuapp.com/booking 
 status=200, reason=OK 
 headers={'Server': 'Cowboy', 'Report-To': '{"group":"heroku-nel","max_age":3600,"endpoints":[{"url":"https://nel.heroku.com/reports?ts=1717770314&amp;sid=c46efe9b-d3d2-4a0c-8c76-bfafa16c5add&amp;s=E6vjmQWg7EAZ6M7J6pmtTp5JVq%2F28Yac2ScrFtJeFgg%3D"}]}', 'Reporting-Endpoints': 'heroku-nel=https://nel.heroku.com/reports?ts=1717770314&amp;sid=c46efe9b-d3d2-4a0c-8c76-bfafa16c5add&amp;s=E6vjmQWg7EAZ6M7J6pmtTp5JVq%2F28Yac2ScrFtJeFgg%3D', 'Nel': '{"report_to":"heroku-nel","max_age":3600,"success_fraction":0.005,"failure_fraction":0.05,"response_headers":["Via"]}', 'Connection': 'keep-alive', 'X-Powered-By': 'Express', 'Content-Type': 'application/json; charset=utf-8', 'Content-Length': '23577', 'Etag': 'W/"5c19-r3nO/wCXRPe5511E05nKjZ0+GrE"', 'Date': 'Fri, 07 Jun 2024 14:25:14 GMT', 'Via': '1.1 vegur'} 
 body=[{"bookingid":122},{"bookingid":10},{"bookingid":1593},{"bookingid":1410},{"bookingid":906},{"bookingid":340},{"bookingid":1772},{"bookingid":1183},{"bookingid":85},{"bookingid":147},{"bookingid":545},{"bookingid":1790},{"bookingid":105},{"bookingid":996},{"bookingid":436},{"bookingid":1232},{"bookingid":514},{"bookingid":145},{"bookingid":1539},{"bookingid":1841},{"bookingid":1811},{"bookingid":429},{"bookingid":1606},{"bookingid":1322},{"bookingid":35},{"bookingid":296},{"bookingid":1306},{"bookingid":750},{"bookingid":704},{"bookingid":1175},{"bookingid":142},{"bookingid":654},{"bookingid":1286},{"bookingid":1315},{"bookingid":1018},{"bookingid":977},{"bookingid":267},{"bookingid":1356},{"bookingid":320},{"bookingid":1078},{"bookingid":210},{"bookingid":333},{"bookingid":1154},{"bookingid":873},{"bookingid":1501},{"bookingid":1219},{"bookingid":1522},{"bookingid":1196},{"bookingid":196},{"bookingid":393},{"bookingid":371},{"bookingid":249},{"bookingid":19},{"bookingid":730},{"bookingid":1313},{"bookingid":1485},{"bookingid":59},{"bookingid":1260},{"bookingid":1527},{"bookingid":1802},{"bookingid":520},{"bookingid":1314},{"bookingid":236},{"bookingid":772},{"bookingid":608},{"bookingid":1156},{"bookingid":1751},{"bookingid":1576},{"bookingid":650},{"bookingid":1461},{"bookingid":480},{"bookingid":943},{"bookingid":1224},{"bookingid":1002},{"bookingid":1682},{"bookingid":1301},{"bookingid":1068},{"bookingid":859},{"bookingid":1288},{"bookingid":903},{"bookingid":502},{"bookingid":154},{"bookingid":813},{"bookingid":609},{"bookingid":53},{"bookingid":1006},{"bookingid":1054},{"bookingid":1786},{"bookingid":1701},{"bookingid":107},{"bookingid":223},{"bookingid":1344},{"bookingid":777},{"bookingid":762},{"bookingid":1052},{"bookingid":627},{"bookingid":1444},{"bookingid":1584},{"bookingid":103},{"bookingid":88},{"bookingid":620},{"bookingid":1675},{"bookingid":469},{"bookingid":180},{"bookingid":1587},{"bookingid":729},{"bookingid":52},{"bookingid":344},{"bookingid":224},{"bookingid":1797},{"bookingid":1160},{"bookingid":1635},{"bookingid":795},{"bookingid":167},{"bookingid":1709},{"bookingid":1477},{"bookingid":635},{"bookingid":1024},{"bookingid":452},{"bookingid":76},{"bookingid":1358},{"bookingid":1756},{"bookingid":1824},{"bookingid":356},{"bookingid":1042},{"bookingid":703},{"bookingid":913},{"bookingid":630},{"bookingid":949},{"bookingid":885},{"bookingid":1415},{"bookingid":425},{"bookingid":1516},{"bookingid":1008},{"bookingid":108},{"bookingid":1496},{"bookingid":351},{"bookingid":809},{"bookingid":1563},{"bookingid":901},{"bookingid":327},{"bookingid":826},{"bookingid":132},{"bookingid":908},{"bookingid":294},{"bookingid":1613},{"bookingid":270},{"bookingid":311},{"bookingid":36},{"bookingid":994},{"bookingid":1040},{"bookingid":359},{"bookingid":808},{"bookingid":446},{"bookingid":1459},{"bookingid":971},{"bookingid":31},{"bookingid":1814},{"bookingid":440},{"bookingid":1357},{"bookingid":1808},{"bookingid":803},{"bookingid":11},{"bookingid":283},{"bookingid":979},{"bookingid":1331},{"bookingid":1100},{"bookingid":1488},{"bookingid":1161},{"bookingid":524},{"bookingid":293},{"bookingid":1386},{"bookingid":1181},{"bookingid":1573},{"bookingid":1404},{"bookingid":503},{"bookingid":1044},{"bookingid":1473},{"bookingid":1803},{"bookingid":79},{"bookingid":1523},{"bookingid":1146},{"bookingid":1502},{"bookingid":986},{"bookingid":1731},{"bookingid":710},{"bookingid":923},{"bookingid":646},{"bookingid":1140},{"bookingid":7},{"bookingid":1521},{"bookingid":1281},{"bookingid":722},{"bookingid":544},{"bookingid":504},{"bookingid":1464},{"bookingid":1520},{"bookingid":376},{"bookingid":1800},{"bookingid":2},{"bookingid":129},{"bookingid":205},{"bookingid":165},{"bookingid":1472},{"bookingid":1252},{"bookingid":1258},{"bookingid":1015},{"bookingid":370},{"bookingid":1205},{"bookingid":424},{"bookingid":536},{"bookingid":1385},{"bookingid":394},{"bookingid":1433},{"bookingid":32},{"bookingid":1007},{"bookingid":701},{"bookingid":1752},{"bookingid":844},{"bookingid":535},{"bookingid":523},{"bookingid":793},{"bookingid":1476},{"bookingid":824},{"bookingid":467},{"bookingid":661},{"bookingid":188},{"bookingid":284},{"bookingid":413},{"bookingid":522},{"bookingid":164},{"bookingid":1833},{"bookingid":1627},{"bookingid":969},{"bookingid":1115},{"bookingid":481},{"bookingid":1714},{"bookingid":637},{"bookingid":1437},{"bookingid":390},{"bookingid":1275},{"bookingid":978},{"bookingid":1540},{"bookingid":68},{"bookingid":1167},{"bookingid":1103},{"bookingid":1668},{"bookingid":1074},{"bookingid":598},{"bookingid":1549},{"bookingid":1352},{"bookingid":235},{"bookingid":619},{"bookingid":1661},{"bookingid":942},{"bookingid":1128},{"bookingid":916},{"bookingid":1351},{"bookingid":591},{"bookingid":1578},{"bookingid":1799},{"bookingid":507},{"bookingid":724},{"bookingid":1559},{"bookingid":40},{"bookingid":513},{"bookingid":489},{"bookingid":1426},{"bookingid":924},{"bookingid":838},{"bookingid":1269},{"bookingid":155},{"bookingid":946},{"bookingid":789},{"bookingid":741},{"bookingid":769},{"bookingid":1149},{"bookingid":953},{"bookingid":314},{"bookingid":1711},{"bookingid":1062},{"bookingid":829},{"bookingid":148},{"bookingid":1586},{"bookingid":1547},{"bookingid":1653},{"bookingid":876},{"bookingid":1305},{"bookingid":1626},{"bookingid":1390},{"bookingid":1234},{"bookingid":865},{"bookingid":1660},{"bookingid":1420},{"bookingid":1532},{"bookingid":1297},{"bookingid":1700},{"bookingid":950},{"bookingid":455},{"bookingid":195},{"bookingid":1656},{"bookingid":970},{"bookingid":1019},{"bookingid":363},{"bookingid":1276},{"bookingid":1283},{"bookingid":1319},{"bookingid":139},{"bookingid":1482},{"bookingid":603},{"bookingid":915},{"bookingid":268},{"bookingid":16},{"bookingid":93},{"bookingid":1725},{"bookingid":1427},{"bookingid":842},{"bookingid":1345},{"bookingid":1560},{"bookingid":1050},{"bookingid":1758},{"bookingid":299},{"bookingid":1454},{"bookingid":802},{"bookingid":1375},{"bookingid":229},{"bookingid":1136},{"bookingid":1094},{"bookingid":850},{"bookingid":546},{"bookingid":346},{"bookingid":1334},{"bookingid":1618},{"bookingid":318},{"bookingid":748},{"bookingid":1722},{"bookingid":126},{"bookingid":760},{"bookingid":218},{"bookingid":1264},{"bookingid":554},{"bookingid":817},{"bookingid":409},{"bookingid":1303},{"bookingid":857},{"bookingid":1636},{"bookingid":280},{"bookingid":1337},{"bookingid":639},{"bookingid":1615},{"bookingid":1710},{"bookingid":497},{"bookingid":464},{"bookingid":696},{"bookingid":1669},{"bookingid":239},{"bookingid":212},{"bookingid":1785},{"bookingid":1134},{"bookingid":1139},{"bookingid":1085},{"bookingid":1287},{"bookingid":1838},{"bookingid":1329},{"bookingid":1603},{"bookingid":1255},{"bookingid":158},{"bookingid":674},{"bookingid":438},{"bookingid":1490},{"bookingid":1515},{"bookingid":659},{"bookingid":576},{"bookingid":1759},{"bookingid":833},{"bookingid":1438},{"bookingid":1082},{"bookingid":1641},{"bookingid":401},{"bookingid":1672},{"bookingid":209},{"bookingid":1210},{"bookingid":415},{"bookingid":306},{"bookingid":1470},{"bookingid":667},{"bookingid":234},{"bookingid":1025},{"bookingid":1373},{"bookingid":935},{"bookingid":1508},{"bookingid":6},{"bookingid":1056},{"bookingid":281},{"bookingid":137},{"bookingid":973},{"bookingid":745},{"bookingid":15},{"bookingid":1033},{"bookingid":125},{"bookingid":131},{"bookingid":459},{"bookingid":1336},{"bookingid":74},{"bookingid":1061},{"bookingid":248},{"bookingid":976},{"bookingid":1130},{"bookingid":965},{"bookingid":1457},{"bookingid":1129},{"bookingid":354},{"bookingid":1760},{"bookingid":588},{"bookingid":629},{"bookingid":399},{"bookingid":143},{"bookingid":993},{"bookingid":1084},{"bookingid":483},{"bookingid":728},{"bookingid":1622},{"bookingid":13},{"bookingid":303},{"bookingid":1706},{"bookingid":177},{"bookingid":1510},{"bookingid":847},{"bookingid":430},{"bookingid":34},{"bookingid":736},{"bookingid":1411},{"bookingid":301},{"bookingid":678},{"bookingid":1246},{"bookingid":8},{"bookingid":864},{"bookingid":510},{"bookingid":1250},{"bookingid":878},{"bookingid":1475},{"bookingid":387},{"bookingid":937},{"bookingid":538},{"bookingid":938},{"bookingid":948},{"bookingid":21},{"bookingid":353},{"bookingid":458},{"bookingid":658},{"bookingid":966},{"bookingid":1391},{"bookingid":1111},{"bookingid":1076},{"bookingid":482},{"bookingid":890},{"bookingid":1335},{"bookingid":694},{"bookingid":62},{"bookingid":254},{"bookingid":1695},{"bookingid":717},{"bookingid":334},{"bookingid":1688},{"bookingid":491},{"bookingid":201},{"bookingid":118},{"bookingid":1795},{"bookingid":1155},{"bookingid":58},{"bookingid":1537},{"bookingid":443},{"bookingid":618},{"bookingid":368},{"bookingid":561},{"bookingid":792},{"bookingid":1178},{"bookingid":1292},{"bookingid":1170},{"bookingid":1086},{"bookingid":1311},{"bookingid":1705},{"bookingid":222},{"bookingid":895},{"bookingid":1045},{"bookingid":33},{"bookingid":1450},{"bookingid":1097},{"bookingid":529},{"bookingid":1188},{"bookingid":930},{"bookingid":1694},{"bookingid":1072},{"bookingid":1483},{"bookingid":1487},{"bookingid":197},{"bookingid":651},{"bookingid":807},{"bookingid":1439},{"bookingid":203},{"bookingid":705},{"bookingid":92},{"bookingid":1462},{"bookingid":1594},{"bookingid":644},{"bookingid":1665},{"bookingid":1048},{"bookingid":882},{"bookingid":733},{"bookingid":1598},{"bookingid":1330},{"bookingid":1504},{"bookingid":456},{"bookingid":542},{"bookingid":255},{"bookingid":1492},{"bookingid":332},{"bookingid":60},{"bookingid":626},{"bookingid":67},{"bookingid":1209},{"bookingid":204},{"bookingid":600},{"bookingid":190},{"bookingid":1038},{"bookingid":1230},{"bookingid":1254},{"bookingid":1509},{"bookingid":578},{"bookingid":749},{"bookingid":673},{"bookingid":1804},{"bookingid":558},{"bookingid":214},{"bookingid":800},{"bookingid":1745},{"bookingid":1553},{"bookingid":827},{"bookingid":228},{"bookingid":1349},{"bookingid":785},{"bookingid":816},{"bookingid":272},{"bookingid":288},{"b... (set the log level to DEBUG or TRACE to see the full content) 
 </msg>
<msg time="2024-06-07T16:25:14.563998" level="INFO">C:\Users\Bassem\AppData\Local\Programs\Python\Python311\Lib\site-packages\urllib3\connectionpool.py:1095: InsecureRequestWarning: Unverified HTTPS request is being made to host 'restful-booker.herokuapp.com'. Adding certificate verification is strongly advised. See: https://urllib3.readthedocs.io/en/latest/advanced-usage.html#tls-warnings
  warnings.warn(</msg>
<msg time="2024-06-07T16:25:14.565137" level="INFO">${response} = &lt;Response [200]&gt;</msg>
<var>${response}</var>
<arg>Get_Books</arg>
<arg>/booking</arg>
<doc>*DEPRECATED* Please use `GET On Session` instead.</doc>
<status status="PASS" start="2024-06-07T16:25:13.675305" elapsed="0.889832"/>
</kw>
<kw name="Log To Console" owner="BuiltIn">
<arg>${response.status_code}</arg>
<doc>Logs the given message to the console.</doc>
<status status="PASS" start="2024-06-07T16:25:14.566141" elapsed="0.000999"/>
</kw>
<kw name="Log To Console" owner="BuiltIn">
<arg>${response.content}</arg>
<doc>Logs the given message to the console.</doc>
<status status="PASS" start="2024-06-07T16:25:14.568141" elapsed="0.021249"/>
</kw>
<status status="PASS" start="2024-06-07T16:25:13.673307" elapsed="0.917083"/>
</test>
<test id="s1-t2" name="Get book by id" line="20">
<kw name="Create Session" owner="RequestsLibrary">
<msg time="2024-06-07T16:25:14.592390" level="INFO">Creating Session using : alias=fetchdata, url=https://restful-booker.herokuapp.com, headers={},                     cookies={}, auth=None, timeout=None, proxies=None, verify=False,                     debug=0 </msg>
<arg>fetchdata</arg>
<arg>${base_url}</arg>
<doc>Create Session: create a HTTP session to a server</doc>
<status status="PASS" start="2024-06-07T16:25:14.592390" elapsed="0.000000"/>
</kw>
<kw name="Get Request" owner="RequestsLibrary">
<msg time="2024-06-07T16:25:14.593389" level="WARN">Keyword 'RequestsLibrary.Get Request' is deprecated. Please use `GET On Session` instead.</msg>
<msg time="2024-06-07T16:25:15.325125" level="INFO">GET Request : url=https://restful-booker.herokuapp.com/booking/5 
 path_url=/booking/5 
 headers={'User-Agent': 'python-requests/2.31.0', 'Accept-Encoding': 'gzip, deflate, br', 'Accept': '*/*', 'Connection': 'keep-alive'} 
 body=None 
 </msg>
<msg time="2024-06-07T16:25:15.326132" level="INFO">GET Response : url=https://restful-booker.herokuapp.com/booking/5 
 status=200, reason=OK 
 headers={'Server': 'Cowboy', 'Report-To': '{"group":"heroku-nel","max_age":3600,"endpoints":[{"url":"https://nel.heroku.com/reports?ts=1717770315&amp;sid=c46efe9b-d3d2-4a0c-8c76-bfafa16c5add&amp;s=mQH6ZWS50nXvmuimFJ7GhlksGWd4jlq%2BHPkVAVspuhA%3D"}]}', 'Reporting-Endpoints': 'heroku-nel=https://nel.heroku.com/reports?ts=1717770315&amp;sid=c46efe9b-d3d2-4a0c-8c76-bfafa16c5add&amp;s=mQH6ZWS50nXvmuimFJ7GhlksGWd4jlq%2BHPkVAVspuhA%3D', 'Nel': '{"report_to":"heroku-nel","max_age":3600,"success_fraction":0.005,"failure_fraction":0.05,"response_headers":["Via"]}', 'Connection': 'keep-alive', 'X-Powered-By': 'Express', 'Content-Type': 'application/json; charset=utf-8', 'Content-Length': '143', 'Etag': 'W/"8f-2/66rb1X86xuYb4lF+r9Bh8HuJQ"', 'Date': 'Fri, 07 Jun 2024 14:25:15 GMT', 'Via': '1.1 vegur'} 
 body={"firstname":"Sally","lastname":"Ericsson","totalprice":765,"depositpaid":true,"bookingdates":{"checkin":"2022-02-25","checkout":"2023-01-21"}} 
 </msg>
<msg time="2024-06-07T16:25:15.326132" level="INFO">C:\Users\Bassem\AppData\Local\Programs\Python\Python311\Lib\site-packages\urllib3\connectionpool.py:1095: InsecureRequestWarning: Unverified HTTPS request is being made to host 'restful-booker.herokuapp.com'. Adding certificate verification is strongly advised. See: https://urllib3.readthedocs.io/en/latest/advanced-usage.html#tls-warnings
  warnings.warn(</msg>
<msg time="2024-06-07T16:25:15.326581" level="INFO">${response} = &lt;Response [200]&gt;</msg>
<var>${response}</var>
<arg>fetchdata</arg>
<arg>/booking/${book_id}</arg>
<doc>*DEPRECATED* Please use `GET On Session` instead.</doc>
<status status="PASS" start="2024-06-07T16:25:14.593389" elapsed="0.733192"/>
</kw>
<kw name="Convert To String" owner="BuiltIn">
<msg time="2024-06-07T16:25:15.328585" level="INFO">${actual_code} = 200</msg>
<var>${actual_code}</var>
<arg>${response.status_code}</arg>
<doc>Converts the given item to a Unicode string.</doc>
<status status="PASS" start="2024-06-07T16:25:15.327584" elapsed="0.001001"/>
</kw>
<kw name="Should Be Equal" owner="BuiltIn">
<arg>${actual_code}</arg>
<arg>200</arg>
<doc>Fails if the given objects are unequal.</doc>
<status status="PASS" start="2024-06-07T16:25:15.328585" elapsed="0.000998"/>
</kw>
<kw name="Log To Console" owner="BuiltIn">
<arg>${response.status_code}</arg>
<doc>Logs the given message to the console.</doc>
<status status="PASS" start="2024-06-07T16:25:15.329583" elapsed="0.001403"/>
</kw>
<kw name="Log To Console" owner="BuiltIn">
<arg>${response.content}</arg>
<doc>Logs the given message to the console.</doc>
<status status="PASS" start="2024-06-07T16:25:15.331437" elapsed="0.000742"/>
</kw>
<status status="PASS" start="2024-06-07T16:25:14.591389" elapsed="0.740790"/>
</test>
<status status="PASS" start="2024-06-07T16:25:13.510407" elapsed="1.823775"/>
</suite>
<statistics>
<total>
<stat pass="2" fail="0" skip="0">All Tests</stat>
</total>
<tag>
</tag>
<suite>
<stat pass="2" fail="0" skip="0" id="s1" name="TC GET">TC GET</stat>
</suite>
</statistics>
<errors>
<msg time="2024-06-07T16:25:13.675305" level="WARN">Keyword 'RequestsLibrary.Get Request' is deprecated. Please use `GET On Session` instead.</msg>
<msg time="2024-06-07T16:25:14.593389" level="WARN">Keyword 'RequestsLibrary.Get Request' is deprecated. Please use `GET On Session` instead.</msg>
</errors>
</robot>
