<?xml version="1.0" encoding="UTF-8"?>
<robot generator="Robot 7.0 (Python 3.11.4 on win32)" generated="2024-06-07T16:37:51.404646" rpa="false" schemaversion="5">
<suite id="s1" name="TC POST" source="E:\ROBOT\restful-booker\TC_POST.robot">
<test id="s1-t1" name="Authontification user" line="9">
<kw name="Create Session" owner="RequestsLibrary">
<msg time="2024-06-07T16:37:51.567546" level="INFO">Creating Session using : alias=auth, url=https://restful-booker.herokuapp.com, headers={},                     cookies={}, auth=None, timeout=None, proxies=None, verify=False,                     debug=0 </msg>
<arg>auth</arg>
<arg>${base_url}</arg>
<doc>Create Session: create a HTTP session to a server</doc>
<status status="PASS" start="2024-06-07T16:37:51.567546" elapsed="0.000000"/>
</kw>
<kw name="Create Dictionary" owner="BuiltIn">
<msg time="2024-06-07T16:37:51.568310" level="INFO">${body} = {'username': 'admin', 'password': 'password123'}</msg>
<var>${body}</var>
<arg>username=admin</arg>
<arg>password=password123</arg>
<doc>Creates and returns a dictionary based on the given ``items``.</doc>
<status status="PASS" start="2024-06-07T16:37:51.568310" elapsed="0.000000"/>
</kw>
<kw name="POST On Session" owner="RequestsLibrary">
<msg time="2024-06-07T16:37:52.285621" level="INFO">POST Request : url=https://restful-booker.herokuapp.com/auth 
 path_url=/auth 
 headers={'User-Agent': 'python-requests/2.31.0', 'Accept-Encoding': 'gzip, deflate, br', 'Accept': '*/*', 'Connection': 'keep-alive', 'Content-Length': '35', 'Content-Type': 'application/x-www-form-urlencoded'} 
 body=username=admin&amp;password=password123 
 </msg>
<msg time="2024-06-07T16:37:52.286623" level="INFO">POST Response : url=https://restful-booker.herokuapp.com/auth 
 status=200, reason=OK 
 headers={'Server': 'Cowboy', 'Report-To': '{"group":"heroku-nel","max_age":3600,"endpoints":[{"url":"https://nel.heroku.com/reports?ts=1717771072&amp;sid=c46efe9b-d3d2-4a0c-8c76-bfafa16c5add&amp;s=DggBw1V4vys%2FYA0R3rHPJBsNTpnxz6hB2dYW62EL6w4%3D"}]}', 'Reporting-Endpoints': 'heroku-nel=https://nel.heroku.com/reports?ts=1717771072&amp;sid=c46efe9b-d3d2-4a0c-8c76-bfafa16c5add&amp;s=DggBw1V4vys%2FYA0R3rHPJBsNTpnxz6hB2dYW62EL6w4%3D', 'Nel': '{"report_to":"heroku-nel","max_age":3600,"success_fraction":0.005,"failure_fraction":0.05,"response_headers":["Via"]}', 'Connection': 'keep-alive', 'X-Powered-By': 'Express', 'Content-Type': 'application/json; charset=utf-8', 'Content-Length': '27', 'Etag': 'W/"1b-PB/g/q4DMp8+GvpJZy9xBbdnrfQ"', 'Date': 'Fri, 07 Jun 2024 14:37:52 GMT', 'Via': '1.1 vegur'} 
 body={"token":"10e5e70813bcba4"} 
 </msg>
<msg time="2024-06-07T16:37:52.286623" level="INFO">C:\Users\Bassem\AppData\Local\Programs\Python\Python311\Lib\site-packages\urllib3\connectionpool.py:1095: InsecureRequestWarning: Unverified HTTPS request is being made to host 'restful-booker.herokuapp.com'. Adding certificate verification is strongly advised. See: https://urllib3.readthedocs.io/en/latest/advanced-usage.html#tls-warnings
  warnings.warn(</msg>
<msg time="2024-06-07T16:37:52.287143" level="INFO">${response} = &lt;Response [200]&gt;</msg>
<var>${response}</var>
<arg>auth</arg>
<arg>/auth</arg>
<arg>data=${body}</arg>
<doc>Sends a POST request on a previously created HTTP Session.</doc>
<status status="PASS" start="2024-06-07T16:37:51.569313" elapsed="0.717830"/>
</kw>
<kw name="Log To Console" owner="BuiltIn">
<arg>${response.status_code}</arg>
<doc>Logs the given message to the console.</doc>
<status status="PASS" start="2024-06-07T16:37:52.288403" elapsed="0.001077"/>
</kw>
<kw name="Log To Console" owner="BuiltIn">
<arg>${response.content}</arg>
<doc>Logs the given message to the console.</doc>
<status status="PASS" start="2024-06-07T16:37:52.289480" elapsed="0.001004"/>
</kw>
<status status="PASS" start="2024-06-07T16:37:51.565549" elapsed="0.725934"/>
</test>
<status status="PASS" start="2024-06-07T16:37:51.406646" elapsed="0.886060"/>
</suite>
<statistics>
<total>
<stat pass="1" fail="0" skip="0">All Tests</stat>
</total>
<tag>
</tag>
<suite>
<stat pass="1" fail="0" skip="0" id="s1" name="TC POST">TC POST</stat>
</suite>
</statistics>
<errors>
</errors>
</robot>
